Removed Pin From Net: NetName=+3.3 Pin=C5-1
Removed Pin From Net: NetName=+5 Pin=C6-1
Removed Pin From Net: NetName=BTN2 Pin=R18-2
Removed Pin From Net: NetName=BTN1 Pin=R19-2
Change Component Footprint: Designator=R1 Old Footprint=tro smd 1206 New Footprint=Tro SMD 0805
Change Component Footprint: Designator=R2 Old Footprint=tro smd 1206 New Footprint=Tro SMD 0805
Change Component Footprint: Designator=R5 Old Footprint=tro smd 1206 New Footprint=Tro SMD 0805
Change Component Footprint: Designator=R6 Old Footprint=tro smd 1206 New Footprint=Tro SMD 0805
Change Component Footprint: Designator=R7 Old Footprint=tro smd 1206 New Footprint=Tro SMD 0805
Change Component Footprint: Designator=R8 Old Footprint=tro smd 1206 New Footprint=Tro SMD 0805
Change Component Footprint: Designator=R9 Old Footprint=tro smd 1206 New Footprint=Tro SMD 0805
Change Component Footprint: Designator=R10 Old Footprint=tro smd 1206 New Footprint=Tro SMD 0805
Change Component Footprint: Designator=R11 Old Footprint=tro smd 1206 New Footprint=Tro SMD 0805
Change Component Footprint: Designator=R12 Old Footprint=tro smd 1206 New Footprint=Tro SMD 0805
Change Component Footprint: Designator=R14 Old Footprint=tro smd 1206 New Footprint=Tro SMD 0805
Change Component Footprint: Designator=R15 Old Footprint=tro smd 1206 New Footprint=Tro SMD 0805
Change Component Footprint: Designator=R16 Old Footprint=tro smd 1206 New Footprint=Tro SMD 0805
Change Component Footprint: Designator=R17 Old Footprint=tro smd 1206 New Footprint=Tro SMD 0805
Change Component Footprint: Designator=R18 Old Footprint=tro smd 1206 New Footprint=Tro SMD 0805
Change Component Footprint: Designator=R19 Old Footprint=tro smd 1206 New Footprint=Tro SMD 0805
Change Component Footprint: Designator=R20 Old Footprint=tro smd 1206 New Footprint=Tro SMD 0805
Change Component Footprint: Designator=C5 Old Footprint=tu 1206 New Footprint=tu 0805
Change Component Footprint: Designator=C6 Old Footprint=tu 1206 New Footprint=tu 0805
Change Component Footprint: Designator=C8 Old Footprint=tu 1206 New Footprint=tu 0805
Change Component Footprint: Designator=C10 Old Footprint=tu 1206 New Footprint=tu 0805
Change Component Footprint: Designator=C11 Old Footprint=tu 1206 New Footprint=tu 0805
Change Component Footprint: Designator=C12 Old Footprint=tu 1206 New Footprint=tu 0805
Change Component Footprint: Designator=C13 Old Footprint=tu 1206 New Footprint=tu 0805
Change Component Comment : Designator=R1 Old Comment=330 New Comment=330R
Change Component Comment : Designator=R2 Old Comment=330 New Comment=330R
Change Component Comment : Designator=R7 Old Comment=330 New Comment=330R
Change Component Comment : Designator=R8 Old Comment=330 New Comment=330R
Change Component Comment : Designator=R11 Old Comment=330 New Comment=330R
Change Component Comment : Designator=R12 Old Comment=330 New Comment=330R
Change Component Comment : Designator=R16 Old Comment=330 New Comment=330R
Change component parameters: Designator = "C5" ("C5"); Footprint = "tu 1206"; UniqueID = "\QSYBYERQ" ("\QSYBYERQ")
Change component parameters (AddParameter): Name = "Chung_Loai"; Value = "Dán"; VariantName = "[No Variations]"
Change component parameters (AddParameter): Name = "Don_Vi"; Value = "Con"; VariantName = "[No Variations]"
Change component parameters (AddParameter): Name = "Kieu_Chan"; Value = ""; VariantName = "[No Variations]"
Change component parameters (AddParameter): Name = "Ma_Hang"; Value = "MH004551"; VariantName = "[No Variations]"
Change component parameters (AddParameter): Name = "So_Chan"; Value = "2"; VariantName = "[No Variations]"
Change component parameters (AddParameter): Name = "Ten_Linh_Kien"; Value = "T? 0805 104-100nF 10% 50V"; VariantName = "[No Variations]"
Change component parameters: Designator = "C6" ("C6"); Footprint = "tu 1206"; UniqueID = "\RLMCXZIA" ("\RLMCXZIA")
Change component parameters (AddParameter): Name = "Chung_Loai"; Value = "Dán"; VariantName = "[No Variations]"
Change component parameters (AddParameter): Name = "Don_Vi"; Value = "Con"; VariantName = "[No Variations]"
Change component parameters (AddParameter): Name = "Kieu_Chan"; Value = ""; VariantName = "[No Variations]"
Change component parameters (AddParameter): Name = "Ma_Hang"; Value = "MH004551"; VariantName = "[No Variations]"
Change component parameters (AddParameter): Name = "So_Chan"; Value = "2"; VariantName = "[No Variations]"
Change component parameters (AddParameter): Name = "Ten_Linh_Kien"; Value = "T? 0805 104-100nF 10% 50V"; VariantName = "[No Variations]"
Change component parameters: Designator = "C8" ("C8"); Footprint = "tu 1206"; UniqueID = "\AEOQOMUK" ("\AEOQOMUK")
Change component parameters (AddParameter): Name = "Chung_Loai"; Value = "Dán"; VariantName = "[No Variations]"
Change component parameters (AddParameter): Name = "Don_Vi"; Value = "Con"; VariantName = "[No Variations]"
Change component parameters (AddParameter): Name = "Kieu_Chan"; Value = ""; VariantName = "[No Variations]"
Change component parameters (AddParameter): Name = "Ma_Hang"; Value = "MH004551"; VariantName = "[No Variations]"
Change component parameters (AddParameter): Name = "So_Chan"; Value = "2"; VariantName = "[No Variations]"
Change component parameters (AddParameter): Name = "Ten_Linh_Kien"; Value = "T? 0805 104-100nF 10% 50V"; VariantName = "[No Variations]"
Change component parameters: Designator = "C10" ("C10"); Footprint = "tu 1206"; UniqueID = "\RWHXXNGR" ("\RWHXXNGR")
Change component parameters (AddParameter): Name = "Chung_Loai"; Value = "Dán"; VariantName = "[No Variations]"
Change component parameters (AddParameter): Name = "Don_Vi"; Value = "Con"; VariantName = "[No Variations]"
Change component parameters (AddParameter): Name = "Kieu_Chan"; Value = ""; VariantName = "[No Variations]"
Change component parameters (AddParameter): Name = "Ma_Hang"; Value = "MH004551"; VariantName = "[No Variations]"
Change component parameters (AddParameter): Name = "So_Chan"; Value = "2"; VariantName = "[No Variations]"
Change component parameters (AddParameter): Name = "Ten_Linh_Kien"; Value = "T? 0805 104-100nF 10% 50V"; VariantName = "[No Variations]"
Change component parameters: Designator = "C11" ("C11"); Footprint = "tu 1206"; UniqueID = "\CLNGWXXG" ("\CLNGWXXG")
Change component parameters (AddParameter): Name = "Chung_Loai"; Value = "Dán"; VariantName = "[No Variations]"
Change component parameters (AddParameter): Name = "Don_Vi"; Value = "Con"; VariantName = "[No Variations]"
Change component parameters (AddParameter): Name = "Kieu_Chan"; Value = ""; VariantName = "[No Variations]"
Change component parameters (AddParameter): Name = "Ma_Hang"; Value = "MH004551"; VariantName = "[No Variations]"
Change component parameters (AddParameter): Name = "So_Chan"; Value = "2"; VariantName = "[No Variations]"
Change component parameters (AddParameter): Name = "Ten_Linh_Kien"; Value = "T? 0805 104-100nF 10% 50V"; VariantName = "[No Variations]"
Change component parameters: Designator = "C12" ("C12"); Footprint = "tu 1206"; UniqueID = "\PZJVHOOA" ("\PZJVHOOA")
Change component parameters (AddParameter): Name = "Chung_Loai"; Value = "Dán"; VariantName = "[No Variations]"
Change component parameters (AddParameter): Name = "Don_Vi"; Value = "Con"; VariantName = "[No Variations]"
Change component parameters (AddParameter): Name = "Kieu_Chan"; Value = ""; VariantName = "[No Variations]"
Change component parameters (AddParameter): Name = "Ma_Hang"; Value = "MH004551"; VariantName = "[No Variations]"
Change component parameters (AddParameter): Name = "So_Chan"; Value = "2"; VariantName = "[No Variations]"
Change component parameters (AddParameter): Name = "Ten_Linh_Kien"; Value = "T? 0805 104-100nF 10% 50V"; VariantName = "[No Variations]"
Change component parameters: Designator = "C13" ("C13"); Footprint = "tu 1206"; UniqueID = "\OTMHXTPZ" ("\OTMHXTPZ")
Change component parameters (AddParameter): Name = "Chung_Loai"; Value = "Dán"; VariantName = "[No Variations]"
Change component parameters (AddParameter): Name = "Don_Vi"; Value = "Con"; VariantName = "[No Variations]"
Change component parameters (AddParameter): Name = "Kieu_Chan"; Value = ""; VariantName = "[No Variations]"
Change component parameters (AddParameter): Name = "Ma_Hang"; Value = "MH004551"; VariantName = "[No Variations]"
Change component parameters (AddParameter): Name = "So_Chan"; Value = "2"; VariantName = "[No Variations]"
Change component parameters (AddParameter): Name = "Ten_Linh_Kien"; Value = "T? 0805 104-100nF 10% 50V"; VariantName = "[No Variations]"
Change component parameters: Designator = "R1" ("R1"); Footprint = "tro smd 1206"; UniqueID = "\HMJNNQFQ" ("\HMJNNQFQ")
Change component parameters (AddParameter): Name = "Chung_Loai"; Value = "Dán"; VariantName = "[No Variations]"
Change component parameters (AddParameter): Name = "Don_Vi"; Value = "Con"; VariantName = "[No Variations]"
Change component parameters (AddParameter): Name = "Kieu_Chan"; Value = ""; VariantName = "[No Variations]"
Change component parameters (AddParameter): Name = "Ma_Hang"; Value = "MH005337"; VariantName = "[No Variations]"
Change component parameters (AddParameter): Name = "So_Chan"; Value = "2"; VariantName = "[No Variations]"
Change component parameters (AddParameter): Name = "Ten_Linh_Kien"; Value = "Tr? 0805 5% 330R"; VariantName = "[No Variations]"
Change component parameters: Designator = "R2" ("R2"); Footprint = "tro smd 1206"; UniqueID = "\MIQLIZXU" ("\MIQLIZXU")
Change component parameters (AddParameter): Name = "Chung_Loai"; Value = "Dán"; VariantName = "[No Variations]"
Change component parameters (AddParameter): Name = "Don_Vi"; Value = "Con"; VariantName = "[No Variations]"
Change component parameters (AddParameter): Name = "Kieu_Chan"; Value = ""; VariantName = "[No Variations]"
Change component parameters (AddParameter): Name = "Ma_Hang"; Value = "MH005337"; VariantName = "[No Variations]"
Change component parameters (AddParameter): Name = "So_Chan"; Value = "2"; VariantName = "[No Variations]"
Change component parameters (AddParameter): Name = "Ten_Linh_Kien"; Value = "Tr? 0805 5% 330R"; VariantName = "[No Variations]"
Change component parameters: Designator = "R5" ("R5"); Footprint = "tro smd 1206"; UniqueID = "\HTVCACZT" ("\HTVCACZT")
Change component parameters (AddParameter): Name = "Chung_Loai"; Value = "Dán"; VariantName = "[No Variations]"
Change component parameters (AddParameter): Name = "Don_Vi"; Value = "Con"; VariantName = "[No Variations]"
Change component parameters (AddParameter): Name = "Kieu_Chan"; Value = ""; VariantName = "[No Variations]"
Change component parameters (AddParameter): Name = "Ma_Hang"; Value = "MH005337"; VariantName = "[No Variations]"
Change component parameters (AddParameter): Name = "So_Chan"; Value = "2"; VariantName = "[No Variations]"
Change component parameters (AddParameter): Name = "Ten_Linh_Kien"; Value = "Tr? 0805 5% 330R"; VariantName = "[No Variations]"
Change component parameters: Designator = "R6" ("R6"); Footprint = "tro smd 1206"; UniqueID = "\SANHMLAL" ("\SANHMLAL")
Change component parameters (AddParameter): Name = "Chung_Loai"; Value = "Dán"; VariantName = "[No Variations]"
Change component parameters (AddParameter): Name = "Don_Vi"; Value = "Con"; VariantName = "[No Variations]"
Change component parameters (AddParameter): Name = "Kieu_Chan"; Value = ""; VariantName = "[No Variations]"
Change component parameters (AddParameter): Name = "Ma_Hang"; Value = "MH005337"; VariantName = "[No Variations]"
Change component parameters (AddParameter): Name = "So_Chan"; Value = "2"; VariantName = "[No Variations]"
Change component parameters (AddParameter): Name = "Ten_Linh_Kien"; Value = "Tr? 0805 5% 330R"; VariantName = "[No Variations]"
Change component parameters: Designator = "R7" ("R7"); Footprint = "tro smd 1206"; UniqueID = "\VEBLWBFW" ("\VEBLWBFW")
Change component parameters (AddParameter): Name = "Chung_Loai"; Value = "Dán"; VariantName = "[No Variations]"
Change component parameters (AddParameter): Name = "Don_Vi"; Value = "Con"; VariantName = "[No Variations]"
Change component parameters (AddParameter): Name = "Kieu_Chan"; Value = ""; VariantName = "[No Variations]"
Change component parameters (AddParameter): Name = "Ma_Hang"; Value = "MH005337"; VariantName = "[No Variations]"
Change component parameters (AddParameter): Name = "So_Chan"; Value = "2"; VariantName = "[No Variations]"
Change component parameters (AddParameter): Name = "Ten_Linh_Kien"; Value = "Tr? 0805 5% 330R"; VariantName = "[No Variations]"
Change component parameters: Designator = "R8" ("R8"); Footprint = "tro smd 1206"; UniqueID = "\VWWCCBKH" ("\VWWCCBKH")
Change component parameters (AddParameter): Name = "Chung_Loai"; Value = "Dán"; VariantName = "[No Variations]"
Change component parameters (AddParameter): Name = "Don_Vi"; Value = "Con"; VariantName = "[No Variations]"
Change component parameters (AddParameter): Name = "Kieu_Chan"; Value = ""; VariantName = "[No Variations]"
Change component parameters (AddParameter): Name = "Ma_Hang"; Value = "MH005337"; VariantName = "[No Variations]"
Change component parameters (AddParameter): Name = "So_Chan"; Value = "2"; VariantName = "[No Variations]"
Change component parameters (AddParameter): Name = "Ten_Linh_Kien"; Value = "Tr? 0805 5% 330R"; VariantName = "[No Variations]"
Change component parameters: Designator = "R9" ("R9"); Footprint = "tro smd 1206"; UniqueID = "\RTPUBTUO" ("\RTPUBTUO")
Change component parameters (AddParameter): Name = "Chung_Loai"; Value = "Dán"; VariantName = "[No Variations]"
Change component parameters (AddParameter): Name = "Don_Vi"; Value = "Con"; VariantName = "[No Variations]"
Change component parameters (AddParameter): Name = "Kieu_Chan"; Value = ""; VariantName = "[No Variations]"
Change component parameters (AddParameter): Name = "Ma_Hang"; Value = "MH005337"; VariantName = "[No Variations]"
Change component parameters (AddParameter): Name = "So_Chan"; Value = "2"; VariantName = "[No Variations]"
Change component parameters (AddParameter): Name = "Ten_Linh_Kien"; Value = "Tr? 0805 5% 330R"; VariantName = "[No Variations]"
Change component parameters: Designator = "R10" ("R10"); Footprint = "tro smd 1206"; UniqueID = "\JKWWGKCU" ("\JKWWGKCU")
Change component parameters (AddParameter): Name = "Chung_Loai"; Value = "Dán"; VariantName = "[No Variations]"
Change component parameters (AddParameter): Name = "Don_Vi"; Value = "Con"; VariantName = "[No Variations]"
Change component parameters (AddParameter): Name = "Kieu_Chan"; Value = ""; VariantName = "[No Variations]"
Change component parameters (AddParameter): Name = "Ma_Hang"; Value = "MH005337"; VariantName = "[No Variations]"
Change component parameters (AddParameter): Name = "So_Chan"; Value = "2"; VariantName = "[No Variations]"
Change component parameters (AddParameter): Name = "Ten_Linh_Kien"; Value = "Tr? 0805 5% 330R"; VariantName = "[No Variations]"
Change component parameters: Designator = "R11" ("R11"); Footprint = "tro smd 1206"; UniqueID = "\UVSLETVJ" ("\UVSLETVJ")
Change component parameters (AddParameter): Name = "Chung_Loai"; Value = "Dán"; VariantName = "[No Variations]"
Change component parameters (AddParameter): Name = "Don_Vi"; Value = "Con"; VariantName = "[No Variations]"
Change component parameters (AddParameter): Name = "Kieu_Chan"; Value = ""; VariantName = "[No Variations]"
Change component parameters (AddParameter): Name = "Ma_Hang"; Value = "MH005337"; VariantName = "[No Variations]"
Change component parameters (AddParameter): Name = "So_Chan"; Value = "2"; VariantName = "[No Variations]"
Change component parameters (AddParameter): Name = "Ten_Linh_Kien"; Value = "Tr? 0805 5% 330R"; VariantName = "[No Variations]"
Change component parameters: Designator = "R12" ("R12"); Footprint = "tro smd 1206"; UniqueID = "\YNLKXFTU" ("\YNLKXFTU")
Change component parameters (AddParameter): Name = "Chung_Loai"; Value = "Dán"; VariantName = "[No Variations]"
Change component parameters (AddParameter): Name = "Don_Vi"; Value = "Con"; VariantName = "[No Variations]"
Change component parameters (AddParameter): Name = "Kieu_Chan"; Value = ""; VariantName = "[No Variations]"
Change component parameters (AddParameter): Name = "Ma_Hang"; Value = "MH005337"; VariantName = "[No Variations]"
Change component parameters (AddParameter): Name = "So_Chan"; Value = "2"; VariantName = "[No Variations]"
Change component parameters (AddParameter): Name = "Ten_Linh_Kien"; Value = "Tr? 0805 5% 330R"; VariantName = "[No Variations]"
Change component parameters: Designator = "R14" ("R14"); Footprint = "tro smd 1206"; UniqueID = "\HCSTJZKT" ("\HCSTJZKT")
Change component parameters (AddParameter): Name = "Chung_Loai"; Value = "Dán"; VariantName = "[No Variations]"
Change component parameters (AddParameter): Name = "Don_Vi"; Value = "Con"; VariantName = "[No Variations]"
Change component parameters (AddParameter): Name = "Kieu_Chan"; Value = ""; VariantName = "[No Variations]"
Change component parameters (AddParameter): Name = "Ma_Hang"; Value = "MH005337"; VariantName = "[No Variations]"
Change component parameters (AddParameter): Name = "So_Chan"; Value = "2"; VariantName = "[No Variations]"
Change component parameters (AddParameter): Name = "Ten_Linh_Kien"; Value = "Tr? 0805 5% 330R"; VariantName = "[No Variations]"
Change component parameters: Designator = "R15" ("R15"); Footprint = "tro smd 1206"; UniqueID = "\QECKVPNL" ("\QECKVPNL")
Change component parameters (AddParameter): Name = "Chung_Loai"; Value = "Dán"; VariantName = "[No Variations]"
Change component parameters (AddParameter): Name = "Don_Vi"; Value = "Con"; VariantName = "[No Variations]"
Change component parameters (AddParameter): Name = "Kieu_Chan"; Value = ""; VariantName = "[No Variations]"
Change component parameters (AddParameter): Name = "Ma_Hang"; Value = "MH005337"; VariantName = "[No Variations]"
Change component parameters (AddParameter): Name = "So_Chan"; Value = "2"; VariantName = "[No Variations]"
Change component parameters (AddParameter): Name = "Ten_Linh_Kien"; Value = "Tr? 0805 5% 330R"; VariantName = "[No Variations]"
Change component parameters: Designator = "R16" ("R16"); Footprint = "tro smd 1206"; UniqueID = "\MNDKUGPI" ("\MNDKUGPI")
Change component parameters (AddParameter): Name = "Chung_Loai"; Value = "Dán"; VariantName = "[No Variations]"
Change component parameters (AddParameter): Name = "Don_Vi"; Value = "Con"; VariantName = "[No Variations]"
Change component parameters (AddParameter): Name = "Kieu_Chan"; Value = ""; VariantName = "[No Variations]"
Change component parameters (AddParameter): Name = "Ma_Hang"; Value = "MH005337"; VariantName = "[No Variations]"
Change component parameters (AddParameter): Name = "So_Chan"; Value = "2"; VariantName = "[No Variations]"
Change component parameters (AddParameter): Name = "Ten_Linh_Kien"; Value = "Tr? 0805 5% 330R"; VariantName = "[No Variations]"
Change component parameters: Designator = "R17" ("R17"); Footprint = "tro smd 1206"; UniqueID = "\UMWULHLU" ("\UMWULHLU")
Change component parameters (AddParameter): Name = "Chung_Loai"; Value = "Dán"; VariantName = "[No Variations]"
Change component parameters (AddParameter): Name = "Don_Vi"; Value = "Con"; VariantName = "[No Variations]"
Change component parameters (AddParameter): Name = "Kieu_Chan"; Value = ""; VariantName = "[No Variations]"
Change component parameters (AddParameter): Name = "Ma_Hang"; Value = "MH005337"; VariantName = "[No Variations]"
Change component parameters (AddParameter): Name = "So_Chan"; Value = "2"; VariantName = "[No Variations]"
Change component parameters (AddParameter): Name = "Ten_Linh_Kien"; Value = "Tr? 0805 5% 330R"; VariantName = "[No Variations]"
Change component parameters: Designator = "R18" ("R18"); Footprint = "tro smd 1206"; UniqueID = "\SNRXHUQU" ("\SNRXHUQU")
Change component parameters (AddParameter): Name = "Chung_Loai"; Value = "Dán"; VariantName = "[No Variations]"
Change component parameters (AddParameter): Name = "Don_Vi"; Value = "Con"; VariantName = "[No Variations]"
Change component parameters (AddParameter): Name = "Kieu_Chan"; Value = ""; VariantName = "[No Variations]"
Change component parameters (AddParameter): Name = "Ma_Hang"; Value = "MH005337"; VariantName = "[No Variations]"
Change component parameters (AddParameter): Name = "So_Chan"; Value = "2"; VariantName = "[No Variations]"
Change component parameters (AddParameter): Name = "Ten_Linh_Kien"; Value = "Tr? 0805 5% 330R"; VariantName = "[No Variations]"
Change component parameters: Designator = "R19" ("R19"); Footprint = "tro smd 1206"; UniqueID = "\TIEGHLEX" ("\TIEGHLEX")
Change component parameters (AddParameter): Name = "Chung_Loai"; Value = "Dán"; VariantName = "[No Variations]"
Change component parameters (AddParameter): Name = "Don_Vi"; Value = "Con"; VariantName = "[No Variations]"
Change component parameters (AddParameter): Name = "Kieu_Chan"; Value = ""; VariantName = "[No Variations]"
Change component parameters (AddParameter): Name = "Ma_Hang"; Value = "MH005337"; VariantName = "[No Variations]"
Change component parameters (AddParameter): Name = "So_Chan"; Value = "2"; VariantName = "[No Variations]"
Change component parameters (AddParameter): Name = "Ten_Linh_Kien"; Value = "Tr? 0805 5% 330R"; VariantName = "[No Variations]"
Change component parameters: Designator = "R20" ("R20"); Footprint = "tro smd 1206"; UniqueID = "\ZGFEQOJN" ("\ZGFEQOJN")
Change component parameters (AddParameter): Name = "Chung_Loai"; Value = "Dán"; VariantName = "[No Variations]"
Change component parameters (AddParameter): Name = "Don_Vi"; Value = "Con"; VariantName = "[No Variations]"
Change component parameters (AddParameter): Name = "Kieu_Chan"; Value = ""; VariantName = "[No Variations]"
Change component parameters (AddParameter): Name = "Ma_Hang"; Value = "MH005337"; VariantName = "[No Variations]"
Change component parameters (AddParameter): Name = "So_Chan"; Value = "2"; VariantName = "[No Variations]"
Change component parameters (AddParameter): Name = "Ten_Linh_Kien"; Value = "Tr? 0805 5% 330R"; VariantName = "[No Variations]"
Added Pin To Net: NetName=+5 Pin=C5-1
Added Pin To Net: NetName=+3.3 Pin=C6-1
Added Pin To Net: NetName=BTN1 Pin=R18-2
Added Pin To Net: NetName=BTN2 Pin=R19-2
Added Room: Name=Schematic
