Removed Pin From Net: NetName=NetC1_2 Pin=C1-2
Removed Pin From Net: NetName=NetC2_2 Pin=C2-2
Removed Pin From Net: NetName=NetC5_2 Pin=C5-2
Change Component Footprint: Designator=C1 Old Footprint=tu 1206 New Footprint=Cap_Poly_684J400V
Change Component Footprint: Designator=C2 Old Footprint=tu 1206 New Footprint=Cap_Poly_684J400V
Change Component Footprint: Designator=C5 Old Footprint=tu 1206 New Footprint=Cap_Poly_684J400V
Change Component Comment : Designator=C1 Old Comment=104 New Comment=100nF
Change Component Comment : Designator=C2 Old Comment=104 New Comment=100nF
Change Component Comment : Designator=C5 Old Comment=104 New Comment=100nF
Change component parameters: Designator = "C1" ("C1"); Footprint = "tu 1206"; UniqueID = "\BMAWLMEO" ("\BMAWLMEO")
Change component parameters: Designator = "C2" ("C2"); Footprint = "tu 1206"; UniqueID = "\FHUVUTGU" ("\FHUVUTGU")
Change component parameters: Designator = "C5" ("C5"); Footprint = "tu 1206"; UniqueID = "\GHFHKGAL" ("\GHFHKGAL")
Added Pin To Net: NetName=NetC1_2 Pin=C1-1
Added Pin To Net: NetName=NetC2_2 Pin=C2-1
Added Pin To Net: NetName=NetC5_2 Pin=C5-1
Change Net Name : Old Net Name=NetC1_2 New Net Name=NetC1_1
Change Net Name : Old Net Name=NetC2_2 New Net Name=NetC2_1
Change Net Name : Old Net Name=NetC5_2 New Net Name=NetC5_1
Added Pin To Net: NetName=NetC1_2 Pin=C1-2
Added Pin To Net: NetName=NetC1_2 Pin=R2-1
Added Net: Name=NetC1_2
Added Pin To Net: NetName=NetC2_2 Pin=C2-2
Added Pin To Net: NetName=NetC2_2 Pin=R4-1
Added Net: Name=NetC2_2
Added Pin To Net: NetName=NetC5_2 Pin=C5-2
Added Pin To Net: NetName=NetC5_2 Pin=R13-1
Added Net: Name=NetC5_2
Added Room: Name=Schematic
