Added Component: Designator=RV1(MOV14D471K)
Add component (AddParameter): Name = "Availability"; Value = "In Stock"; VariantName = "[No Variations]"
Add component (AddParameter): Name = "Check_prices"; Value = "https://www.snapeda.com/parts/MOV-14D471K/Bourns/view-part/?ref=eda"; VariantName = "[No Variations]"
Add component (AddParameter): Name = "MF"; Value = "Bourns"; VariantName = "[No Variations]"
Add component (AddParameter): Name = "MP"; Value = "MOV-14D471K"; VariantName = "[No Variations]"
Add component (AddParameter): Name = "Package"; Value = "Disc-14 Bourns"; VariantName = "[No Variations]"
Add component (AddParameter): Name = "Price"; Value = "None"; VariantName = "[No Variations]"
Add component (AddParameter): Name = "Purchase-URL"; Value = "https://pricing.snapeda.com/search/part/MOV-14D471K/?ref=eda"; VariantName = "[No Variations]"
Add component (AddParameter): Name = "SnapEDA_Link"; Value = "https://www.snapeda.com/parts/MOV-14D471K/Bourns/view-part/?ref=snap"; VariantName = "[No Variations]"
Add component (AddParameter): Name = "Value"; Value = ""; VariantName = "[No Variations]"
Added Component: Designator=RV2(MOV14D471K)
Add component (AddParameter): Name = "Availability"; Value = "In Stock"; VariantName = "[No Variations]"
Add component (AddParameter): Name = "Check_prices"; Value = "https://www.snapeda.com/parts/MOV-14D471K/Bourns/view-part/?ref=eda"; VariantName = "[No Variations]"
Add component (AddParameter): Name = "MF"; Value = "Bourns"; VariantName = "[No Variations]"
Add component (AddParameter): Name = "MP"; Value = "MOV-14D471K"; VariantName = "[No Variations]"
Add component (AddParameter): Name = "Package"; Value = "Disc-14 Bourns"; VariantName = "[No Variations]"
Add component (AddParameter): Name = "Price"; Value = "None"; VariantName = "[No Variations]"
Add component (AddParameter): Name = "Purchase-URL"; Value = "https://pricing.snapeda.com/search/part/MOV-14D471K/?ref=eda"; VariantName = "[No Variations]"
Add component (AddParameter): Name = "SnapEDA_Link"; Value = "https://www.snapeda.com/parts/MOV-14D471K/Bourns/view-part/?ref=snap"; VariantName = "[No Variations]"
Add component (AddParameter): Name = "Value"; Value = ""; VariantName = "[No Variations]"
Added Component: Designator=RV4(MOV14D471K)
Add component (AddParameter): Name = "Availability"; Value = "In Stock"; VariantName = "[No Variations]"
Add component (AddParameter): Name = "Check_prices"; Value = "https://www.snapeda.com/parts/MOV-14D471K/Bourns/view-part/?ref=eda"; VariantName = "[No Variations]"
Add component (AddParameter): Name = "MF"; Value = "Bourns"; VariantName = "[No Variations]"
Add component (AddParameter): Name = "MP"; Value = "MOV-14D471K"; VariantName = "[No Variations]"
Add component (AddParameter): Name = "Package"; Value = "Disc-14 Bourns"; VariantName = "[No Variations]"
Add component (AddParameter): Name = "Price"; Value = "None"; VariantName = "[No Variations]"
Add component (AddParameter): Name = "Purchase-URL"; Value = "https://pricing.snapeda.com/search/part/MOV-14D471K/?ref=eda"; VariantName = "[No Variations]"
Add component (AddParameter): Name = "SnapEDA_Link"; Value = "https://www.snapeda.com/parts/MOV-14D471K/Bourns/view-part/?ref=snap"; VariantName = "[No Variations]"
Add component (AddParameter): Name = "Value"; Value = ""; VariantName = "[No Variations]"
Added Pin To Net: NetName=NetC1_1 Pin=RV1-1
Added Pin To Net: NetName=AC_L Pin=RV1-2
Added Pin To Net: NetName=NetC2_1 Pin=RV2-1
Added Pin To Net: NetName=AC_L Pin=RV2-2
Added Pin To Net: NetName=NetC5_1 Pin=RV4-1
Added Pin To Net: NetName=AC_L Pin=RV4-2
Added Member To Class: ClassName=Schematic Member=Component RV1 MOV-14D471K
Added Member To Class: ClassName=Schematic Member=Component RV2 MOV-14D471K
Added Member To Class: ClassName=Schematic Member=Component RV4 MOV-14D471K
